This file contains any messages produced by compilers while
running configure, to aid debugging if configure makes a mistake.

It was created by lxpanel configure 0.7.1, which was
generated by GNU Autoconf 2.69.  Invocation command line was

  $ ./configure 

## --------- ##
## Platform. ##
## --------- ##

hostname = raspberrypi
uname -m = armv6l
uname -r = 3.12.28+
uname -s = Linux
uname -v = #709 PREEMPT Mon Sep 8 15:28:00 BST 2014

/usr/bin/uname -p = unknown
/bin/uname -X     = unknown

/bin/arch              = unknown
/usr/bin/arch -k       = unknown
/usr/convex/getsysinfo = unknown
/usr/bin/hostinfo      = unknown
/bin/machine           = unknown
/usr/bin/oslevel       = unknown
/bin/universe          = unknown

PATH: /usr/lib/ccache
PATH: /usr/local/sbin
PATH: /usr/local/bin
PATH: /usr/sbin
PATH: /usr/bin
PATH: /sbin
PATH: /bin
PATH: /usr/local/games
PATH: /usr/games


## ----------- ##
## Core tests. ##
## ----------- ##

configure:2395: checking for a BSD-compatible install
configure:2463: result: /usr/bin/install -c
configure:2474: checking whether build environment is sane
configure:2529: result: yes
configure:2680: checking for a thread-safe mkdir -p
configure:2719: result: /bin/mkdir -p
configure:2726: checking for gawk
configure:2756: result: no
configure:2726: checking for mawk
configure:2742: found /usr/bin/mawk
configure:2753: result: mawk
configure:2764: checking whether make sets $(MAKE)
configure:2786: result: yes
configure:2815: checking whether make supports nested variables
configure:2832: result: yes
configure:2975: checking whether make supports nested variables
configure:2992: result: yes
configure:3086: checking for gcc
configure:3102: found /usr/lib/ccache/gcc
configure:3113: result: gcc
configure:3342: checking for C compiler version
configure:3351: gcc --version >&5
gcc (Debian 4.6.3-14+rpi1) 4.6.3
Copyright (C) 2011 Free Software Foundation, Inc.
This is free software; see the source for copying conditions.  There is NO
warranty; not even for MERCHANTABILITY or FITNESS FOR A PARTICULAR PURPOSE.

configure:3362: $? = 0
configure:3351: gcc -v >&5
Using built-in specs.
COLLECT_GCC=/usr/bin/gcc
COLLECT_LTO_WRAPPER=/usr/lib/gcc/arm-linux-gnueabihf/4.6/lto-wrapper
Target: arm-linux-gnueabihf
Configured with: ../src/configure -v --with-pkgversion='Debian 4.6.3-14+rpi1' --with-bugurl=file:///usr/share/doc/gcc-4.6/README.Bugs --enable-languages=c,c++,fortran,objc,obj-c++ --prefix=/usr --program-suffix=-4.6 --enable-shared --enable-linker-build-id --with-system-zlib --libexecdir=/usr/lib --without-included-gettext --enable-threads=posix --with-gxx-include-dir=/usr/include/c++/4.6 --libdir=/usr/lib --enable-nls --with-sysroot=/ --enable-clocale=gnu --enable-libstdcxx-debug --enable-libstdcxx-time=yes --enable-gnu-unique-object --enable-plugin --enable-objc-gc --disable-sjlj-exceptions --with-arch=armv6 --with-fpu=vfp --with-float=hard --enable-checking=release --build=arm-linux-gnueabihf --host=arm-linux-gnueabihf --target=arm-linux-gnueabihf
Thread model: posix
gcc version 4.6.3 (Debian 4.6.3-14+rpi1) 
configure:3362: $? = 0
configure:3351: gcc -V >&5
gcc: error: unrecognized option '-V'
gcc: fatal error: no input files
compilation terminated.
configure:3362: $? = 4
configure:3351: gcc -qversion >&5
gcc: error: unrecognized option '-qversion'
gcc: fatal error: no input files
compilation terminated.
configure:3362: $? = 4
configure:3382: checking whether the C compiler works
configure:3404: gcc    conftest.c  >&5
configure:3408: $? = 0
configure:3456: result: yes
configure:3459: checking for C compiler default output file name
configure:3461: result: a.out
configure:3467: checking for suffix of executables
configure:3474: gcc -o conftest    conftest.c  >&5
configure:3478: $? = 0
configure:3500: result: 
configure:3522: checking whether we are cross compiling
configure:3530: gcc -o conftest    conftest.c  >&5
configure:3534: $? = 0
configure:3541: ./conftest
configure:3545: $? = 0
configure:3560: result: no
configure:3565: checking for suffix of object files
configure:3587: gcc -c   conftest.c >&5
configure:3591: $? = 0
configure:3612: result: o
configure:3616: checking whether we are using the GNU C compiler
configure:3635: gcc -c   conftest.c >&5
configure:3635: $? = 0
configure:3644: result: yes
configure:3653: checking whether gcc accepts -g
configure:3673: gcc -c -g  conftest.c >&5
configure:3673: $? = 0
configure:3714: result: yes
configure:3731: checking for gcc option to accept ISO C89
configure:3794: gcc  -c -g -O2  conftest.c >&5
configure:3794: $? = 0
configure:3807: result: none needed
configure:3832: checking whether gcc understands -c and -o together
configure:3854: gcc -c conftest.c -o conftest2.o
configure:3857: $? = 0
configure:3854: gcc -c conftest.c -o conftest2.o
configure:3857: $? = 0
configure:3869: result: yes
configure:3897: checking for style of include used by make
configure:3925: result: GNU
configure:3951: checking dependency style of gcc
configure:4062: result: gcc3
configure:4078: checking whether ln -s works
configure:4082: result: yes
configure:4090: checking whether NLS is requested
configure:4099: result: yes
configure:4118: checking for intltool >= 0.40.0
configure:4120: result: 0.50.2 found
configure:4128: checking for intltool-update
configure:4146: found /usr/bin/intltool-update
configure:4158: result: /usr/bin/intltool-update
configure:4168: checking for intltool-merge
configure:4186: found /usr/bin/intltool-merge
configure:4198: result: /usr/bin/intltool-merge
configure:4208: checking for intltool-extract
configure:4226: found /usr/bin/intltool-extract
configure:4238: result: /usr/bin/intltool-extract
configure:4392: checking for xgettext
configure:4410: found /usr/bin/xgettext
configure:4422: result: /usr/bin/xgettext
configure:4432: checking for msgmerge
configure:4450: found /usr/bin/msgmerge
configure:4462: result: /usr/bin/msgmerge
configure:4472: checking for msgfmt
configure:4490: found /usr/bin/msgfmt
configure:4502: result: /usr/bin/msgfmt
configure:4512: checking for gmsgfmt
configure:4543: result: /usr/bin/msgfmt
configure:4563: checking for perl
configure:4581: found /usr/bin/perl
configure:4593: result: /usr/bin/perl
configure:4604: checking for perl >= 5.8.1
configure:4611: result: 5.14.2
configure:4643: gcc -o conftest -g -O2   conftest.c  >&5
configure:4643: $? = 0
configure:4719: checking for ar
configure:4735: found /usr/bin/ar
configure:4746: result: ar
configure:4772: checking the archiver (ar) interface
configure:4788: gcc -c -g -O2  conftest.c >&5
configure:4788: $? = 0
configure:4790: ar cru libconftest.a conftest.o >&5
configure:4793: $? = 0
configure:4821: result: ar
configure:4873: checking build system type
configure:4887: result: armv6l-unknown-linux-gnueabihf
configure:4907: checking host system type
configure:4920: result: armv6l-unknown-linux-gnueabihf
configure:4961: checking how to print strings
configure:4988: result: printf
configure:5009: checking for a sed that does not truncate output
configure:5073: result: /bin/sed
configure:5091: checking for grep that handles long lines and -e
configure:5149: result: /bin/grep
configure:5154: checking for egrep
configure:5216: result: /bin/grep -E
configure:5221: checking for fgrep
configure:5283: result: /bin/grep -F
configure:5318: checking for ld used by gcc
configure:5385: result: /usr/bin/ld
configure:5392: checking if the linker (/usr/bin/ld) is GNU ld
configure:5407: result: yes
configure:5419: checking for BSD- or MS-compatible name lister (nm)
configure:5468: result: /usr/bin/nm -B
configure:5598: checking the name lister (/usr/bin/nm -B) interface
configure:5605: gcc -c -g -O2  conftest.c >&5
configure:5608: /usr/bin/nm -B "conftest.o"
configure:5611: output
00000000 B some_variable
configure:5618: result: BSD nm
configure:5622: checking the maximum length of command line arguments
configure:5753: result: 1572864
configure:5770: checking whether the shell understands some XSI constructs
configure:5780: result: yes
configure:5784: checking whether the shell understands "+="
configure:5790: result: yes
configure:5825: checking how to convert armv6l-unknown-linux-gnueabihf file names to armv6l-unknown-linux-gnueabihf format
configure:5865: result: func_convert_file_noop
configure:5872: checking how to convert armv6l-unknown-linux-gnueabihf file names to toolchain format
configure:5892: result: func_convert_file_noop
configure:5899: checking for /usr/bin/ld option to reload object files
configure:5906: result: -r
configure:5980: checking for objdump
configure:5996: found /usr/bin/objdump
configure:6007: result: objdump
configure:6039: checking how to recognize dependent libraries
configure:6237: result: pass_all
configure:6322: checking for dlltool
configure:6352: result: no
configure:6382: checking how to associate runtime and link libraries
configure:6409: result: printf %s\n
configure:6533: checking for archiver @FILE support
configure:6550: gcc -c -g -O2  conftest.c >&5
configure:6550: $? = 0
configure:6553: ar cru libconftest.a @conftest.lst >&5
configure:6556: $? = 0
configure:6561: ar cru libconftest.a @conftest.lst >&5
ar: conftest.o: No such file or directory
configure:6564: $? = 1
configure:6576: result: @
configure:6634: checking for strip
configure:6650: found /usr/bin/strip
configure:6661: result: strip
configure:6733: checking for ranlib
configure:6749: found /usr/bin/ranlib
configure:6760: result: ranlib
configure:6862: checking command to parse /usr/bin/nm -B output from gcc object
configure:6982: gcc -c -g -O2  conftest.c >&5
configure:6985: $? = 0
configure:6989: /usr/bin/nm -B conftest.o \| sed -n -e 's/^.*[ ]\([ABCDGIRSTW][ABCDGIRSTW]*\)[ ][ ]*\([_A-Za-z][_A-Za-z0-9]*\)$/\1 \2 \2/p' | sed '/ __gnu_lto/d' \> conftest.nm
configure:6992: $? = 0
configure:7058: gcc -o conftest -g -O2   conftest.c conftstm.o >&5
configure:7061: $? = 0
configure:7099: result: ok
configure:7136: checking for sysroot
configure:7166: result: no
configure:7435: checking for mt
configure:7451: found /bin/mt
configure:7462: result: mt
configure:7485: checking if mt is a manifest tool
configure:7491: mt '-?'
configure:7499: result: no
configure:8141: checking how to run the C preprocessor
configure:8172: gcc -E  conftest.c
configure:8172: $? = 0
configure:8186: gcc -E  conftest.c
conftest.c:11:28: fatal error: ac_nonexistent.h: No such file or directory
compilation terminated.
configure:8186: $? = 1
configure: failed program was:
| /* confdefs.h */
| #define PACKAGE_NAME "lxpanel"
| #define PACKAGE_TARNAME "lxpanel"
| #define PACKAGE_VERSION "0.7.1"
| #define PACKAGE_STRING "lxpanel 0.7.1"
| #define PACKAGE_BUGREPORT "http://lxde.org/"
| #define PACKAGE_URL ""
| #define PACKAGE "lxpanel"
| #define VERSION "0.7.1"
| /* end confdefs.h.  */
| #include <ac_nonexistent.h>
configure:8211: result: gcc -E
configure:8231: gcc -E  conftest.c
configure:8231: $? = 0
configure:8245: gcc -E  conftest.c
conftest.c:11:28: fatal error: ac_nonexistent.h: No such file or directory
compilation terminated.
configure:8245: $? = 1
configure: failed program was:
| /* confdefs.h */
| #define PACKAGE_NAME "lxpanel"
| #define PACKAGE_TARNAME "lxpanel"
| #define PACKAGE_VERSION "0.7.1"
| #define PACKAGE_STRING "lxpanel 0.7.1"
| #define PACKAGE_BUGREPORT "http://lxde.org/"
| #define PACKAGE_URL ""
| #define PACKAGE "lxpanel"
| #define VERSION "0.7.1"
| /* end confdefs.h.  */
| #include <ac_nonexistent.h>
configure:8274: checking for ANSI C header files
configure:8294: gcc -c -g -O2  conftest.c >&5
configure:8294: $? = 0
configure:8367: gcc -o conftest -g -O2   conftest.c  >&5
configure:8367: $? = 0
configure:8367: ./conftest
configure:8367: $? = 0
configure:8378: result: yes
configure:8391: checking for sys/types.h
configure:8391: gcc -c -g -O2  conftest.c >&5
configure:8391: $? = 0
configure:8391: result: yes
configure:8391: checking for sys/stat.h
configure:8391: gcc -c -g -O2  conftest.c >&5
configure:8391: $? = 0
configure:8391: result: yes
configure:8391: checking for stdlib.h
configure:8391: gcc -c -g -O2  conftest.c >&5
configure:8391: $? = 0
configure:8391: result: yes
configure:8391: checking for string.h
configure:8391: gcc -c -g -O2  conftest.c >&5
configure:8391: $? = 0
configure:8391: result: yes
configure:8391: checking for memory.h
configure:8391: gcc -c -g -O2  conftest.c >&5
configure:8391: $? = 0
configure:8391: result: yes
configure:8391: checking for strings.h
configure:8391: gcc -c -g -O2  conftest.c >&5
configure:8391: $? = 0
configure:8391: result: yes
configure:8391: checking for inttypes.h
configure:8391: gcc -c -g -O2  conftest.c >&5
configure:8391: $? = 0
configure:8391: result: yes
configure:8391: checking for stdint.h
configure:8391: gcc -c -g -O2  conftest.c >&5
configure:8391: $? = 0
configure:8391: result: yes
configure:8391: checking for unistd.h
configure:8391: gcc -c -g -O2  conftest.c >&5
configure:8391: $? = 0
configure:8391: result: yes
configure:8405: checking for dlfcn.h
configure:8405: gcc -c -g -O2  conftest.c >&5
configure:8405: $? = 0
configure:8405: result: yes
configure:8581: checking for objdir
configure:8596: result: .libs
configure:8867: checking if gcc supports -fno-rtti -fno-exceptions
configure:8885: gcc -c -g -O2  -fno-rtti -fno-exceptions conftest.c >&5
cc1: warning: command line option '-fno-rtti' is valid for C++/ObjC++ but not for C [enabled by default]
cc1: warning: command line option '-fno-rtti' is valid for C++/ObjC++ but not for C [enabled by default]
configure:8889: $? = 0
configure:8902: result: no
configure:9229: checking for gcc option to produce PIC
configure:9236: result: -fPIC -DPIC
configure:9244: checking if gcc PIC flag -fPIC -DPIC works
configure:9262: gcc -c -g -O2  -fPIC -DPIC -DPIC conftest.c >&5
configure:9266: $? = 0
configure:9279: result: yes
configure:9308: checking if gcc static flag -static works
configure:9336: result: yes
configure:9351: checking if gcc supports -c -o file.o
configure:9372: gcc -c -g -O2  -o out/conftest2.o conftest.c >&5
configure:9376: $? = 0
configure:9398: result: yes
configure:9406: checking if gcc supports -c -o file.o
configure:9453: result: yes
configure:9486: checking whether the gcc linker (/usr/bin/ld) supports shared libraries
configure:10643: result: yes
configure:10680: checking whether -lc should be explicitly linked in
configure:10688: gcc -c -g -O2  conftest.c >&5
configure:10691: $? = 0
configure:10706: gcc -shared  -fPIC -DPIC conftest.o  -v -Wl,-soname -Wl,conftest -o conftest 2\>\&1 \| /bin/grep  -lc  \>/dev/null 2\>\&1
configure:10709: $? = 0
configure:10723: result: no
configure:10883: checking dynamic linker characteristics
configure:11383: gcc -o conftest -g -O2   -Wl,-rpath -Wl,/foo conftest.c  >&5
configure:11383: $? = 0
configure:11617: result: GNU/Linux ld.so
configure:11724: checking how to hardcode library paths into programs
configure:11749: result: immediate
configure:12289: checking whether stripping libraries is possible
configure:12294: result: yes
configure:12329: checking if libtool supports shared libraries
configure:12331: result: yes
configure:12334: checking whether to build shared libraries
configure:12355: result: yes
configure:12358: checking whether to build static libraries
configure:12362: result: no
configure:12477: checking for pkg-config
configure:12495: found /usr/bin/pkg-config
configure:12507: result: /usr/bin/pkg-config
configure:12532: checking pkg-config is at least version 0.9.0
configure:12535: result: yes
configure:12545: checking for PACKAGE
configure:12552: $PKG_CONFIG --exists --print-errors "$pkg_modules"
configure:12555: $? = 0
configure:12569: $PKG_CONFIG --exists --print-errors "$pkg_modules"
configure:12572: $? = 0
configure:12630: result: yes
configure:12768: checking for X11
configure:12775: $PKG_CONFIG --exists --print-errors "$pkg_modules"
configure:12778: $? = 0
configure:12792: $PKG_CONFIG --exists --print-errors "$pkg_modules"
configure:12795: $? = 0
configure:12853: result: yes
configure:12862: checking for MENU_CACHE
configure:12869: $PKG_CONFIG --exists --print-errors "$pkg_modules"
configure:12872: $? = 0
configure:12886: $PKG_CONFIG --exists --print-errors "$pkg_modules"
configure:12889: $? = 0
configure:12927: result: yes
configure:12972: checking whether /usr/bin/ld accepts --as-needed
configure:12977: result: yes
configure:12986: checking whether /usr/bin/ld accepts -O1
configure:12991: result: yes
configure:12999: checking whether /usr/bin/ld accepts -Bsymbolic-functions
configure:13004: result: yes
configure:13012: checking whether /usr/bin/ld accepts --sort-common
configure:13017: result: yes
configure:13049: checking alsa/asoundlib.h usability
configure:13049: gcc -c -g -O2  conftest.c >&5
conftest.c:56:28: fatal error: alsa/asoundlib.h: No such file or directory
compilation terminated.
configure:13049: $? = 1
configure: failed program was:
| /* confdefs.h */
| #define PACKAGE_NAME "lxpanel"
| #define PACKAGE_TARNAME "lxpanel"
| #define PACKAGE_VERSION "0.7.1"
| #define PACKAGE_STRING "lxpanel 0.7.1"
| #define PACKAGE_BUGREPORT "http://lxde.org/"
| #define PACKAGE_URL ""
| #define PACKAGE "lxpanel"
| #define VERSION "0.7.1"
| #define STDC_HEADERS 1
| #define HAVE_SYS_TYPES_H 1
| #define HAVE_SYS_STAT_H 1
| #define HAVE_STDLIB_H 1
| #define HAVE_STRING_H 1
| #define HAVE_MEMORY_H 1
| #define HAVE_STRINGS_H 1
| #define HAVE_INTTYPES_H 1
| #define HAVE_STDINT_H 1
| #define HAVE_UNISTD_H 1
| #define HAVE_DLFCN_H 1
| #define LT_OBJDIR ".libs/"
| /* end confdefs.h.  */
| #include <stdio.h>
| #ifdef HAVE_SYS_TYPES_H
| # include <sys/types.h>
| #endif
| #ifdef HAVE_SYS_STAT_H
| # include <sys/stat.h>
| #endif
| #ifdef STDC_HEADERS
| # include <stdlib.h>
| # include <stddef.h>
| #else
| # ifdef HAVE_STDLIB_H
| #  include <stdlib.h>
| # endif
| #endif
| #ifdef HAVE_STRING_H
| # if !defined STDC_HEADERS && defined HAVE_MEMORY_H
| #  include <memory.h>
| # endif
| # include <string.h>
| #endif
| #ifdef HAVE_STRINGS_H
| # include <strings.h>
| #endif
| #ifdef HAVE_INTTYPES_H
| # include <inttypes.h>
| #endif
| #ifdef HAVE_STDINT_H
| # include <stdint.h>
| #endif
| #ifdef HAVE_UNISTD_H
| # include <unistd.h>
| #endif
| #include <alsa/asoundlib.h>
configure:13049: result: no
configure:13049: checking alsa/asoundlib.h presence
configure:13049: gcc -E  conftest.c
conftest.c:23:28: fatal error: alsa/asoundlib.h: No such file or directory
compilation terminated.
configure:13049: $? = 1
configure: failed program was:
| /* confdefs.h */
| #define PACKAGE_NAME "lxpanel"
| #define PACKAGE_TARNAME "lxpanel"
| #define PACKAGE_VERSION "0.7.1"
| #define PACKAGE_STRING "lxpanel 0.7.1"
| #define PACKAGE_BUGREPORT "http://lxde.org/"
| #define PACKAGE_URL ""
| #define PACKAGE "lxpanel"
| #define VERSION "0.7.1"
| #define STDC_HEADERS 1
| #define HAVE_SYS_TYPES_H 1
| #define HAVE_SYS_STAT_H 1
| #define HAVE_STDLIB_H 1
| #define HAVE_STRING_H 1
| #define HAVE_MEMORY_H 1
| #define HAVE_STRINGS_H 1
| #define HAVE_INTTYPES_H 1
| #define HAVE_STDINT_H 1
| #define HAVE_UNISTD_H 1
| #define HAVE_DLFCN_H 1
| #define LT_OBJDIR ".libs/"
| /* end confdefs.h.  */
| #include <alsa/asoundlib.h>
configure:13049: result: no
configure:13049: checking for alsa/asoundlib.h
configure:13049: result: no
configure:13157: checking which plugins should be built dynamically
configure:13222: result: all
configure:13228: result: no ALSA headers/libraries found!
configure:13261: checking iwlib.h usability
configure:13261: gcc -c -g -O2  conftest.c >&5
configure:13261: $? = 0
configure:13261: result: yes
configure:13261: checking iwlib.h presence
configure:13261: gcc -E  conftest.c
configure:13261: $? = 0
configure:13261: result: yes
configure:13261: checking for iwlib.h
configure:13261: result: yes
configure:13275: checking for LIBXML2
configure:13282: $PKG_CONFIG --exists --print-errors "libxml-2.0"
configure:13285: $? = 0
configure:13299: $PKG_CONFIG --exists --print-errors "libxml-2.0"
configure:13302: $? = 0
configure:13360: result: yes
configure:13369: checking for X
configure:13477: gcc -E  conftest.c
configure:13477: $? = 0
configure:13508: gcc -o conftest -g -O2   -Wl,--as-needed -Wl,-O1 -Wl,-Bsymbolic-functions -Wl,--sort-common conftest.c -lX11  >&5
configure:13508: $? = 0
configure:13558: result: libraries , headers 
configure:13562: checking for ANSI C header files
configure:13666: result: yes
configure:13674: checking for sys/wait.h that is POSIX.1 compatible
configure:13700: gcc -c -g -O2  conftest.c >&5
configure:13700: $? = 0
configure:13707: result: yes
configure:13718: checking locale.h usability
configure:13718: gcc -c -g -O2  conftest.c >&5
configure:13718: $? = 0
configure:13718: result: yes
configure:13718: checking locale.h presence
configure:13718: gcc -E  conftest.c
configure:13718: $? = 0
configure:13718: result: yes
configure:13718: checking for locale.h
configure:13718: result: yes
configure:13718: checking for stdlib.h
configure:13718: result: yes
configure:13718: checking for string.h
configure:13718: result: yes
configure:13718: checking sys/time.h usability
configure:13718: gcc -c -g -O2  conftest.c >&5
configure:13718: $? = 0
configure:13718: result: yes
configure:13718: checking sys/time.h presence
configure:13718: gcc -E  conftest.c
configure:13718: $? = 0
configure:13718: result: yes
configure:13718: checking for sys/time.h
configure:13718: result: yes
configure:13718: checking for unistd.h
configure:13718: result: yes
configure:13730: checking for an ANSI C-conforming const
configure:13796: gcc -c -g -O2  conftest.c >&5
configure:13796: $? = 0
configure:13803: result: yes
configure:13811: checking for inline
configure:13827: gcc -c -g -O2  conftest.c >&5
configure:13827: $? = 0
configure:13835: result: inline
configure:13853: checking whether struct tm is in sys/time.h or time.h
configure:13873: gcc -c -g -O2  conftest.c >&5
configure:13873: $? = 0
configure:13880: result: time.h
configure:13892: checking for stdlib.h
configure:13892: result: yes
configure:13902: checking for GNU libc compatible malloc
configure:13926: gcc -o conftest -g -O2   -Wl,--as-needed -Wl,-O1 -Wl,-Bsymbolic-functions -Wl,--sort-common conftest.c  >&5
configure:13926: $? = 0
configure:13926: ./conftest
configure:13926: $? = 0
configure:13936: result: yes
configure:13957: checking for working memcmp
configure:14000: gcc -o conftest -g -O2   -Wl,--as-needed -Wl,-O1 -Wl,-Bsymbolic-functions -Wl,--sort-common conftest.c  >&5
configure:14000: $? = 0
configure:14000: ./conftest
configure:14000: $? = 0
configure:14010: result: yes
configure:14019: checking return type of signal handlers
configure:14037: gcc -c -g -O2  conftest.c >&5
conftest.c: In function 'main':
conftest.c:38:1: error: void value not ignored as it ought to be
configure:14037: $? = 1
configure: failed program was:
| /* confdefs.h */
| #define PACKAGE_NAME "lxpanel"
| #define PACKAGE_TARNAME "lxpanel"
| #define PACKAGE_VERSION "0.7.1"
| #define PACKAGE_STRING "lxpanel 0.7.1"
| #define PACKAGE_BUGREPORT "http://lxde.org/"
| #define PACKAGE_URL ""
| #define PACKAGE "lxpanel"
| #define VERSION "0.7.1"
| #define STDC_HEADERS 1
| #define HAVE_SYS_TYPES_H 1
| #define HAVE_SYS_STAT_H 1
| #define HAVE_STDLIB_H 1
| #define HAVE_STRING_H 1
| #define HAVE_MEMORY_H 1
| #define HAVE_STRINGS_H 1
| #define HAVE_INTTYPES_H 1
| #define HAVE_STDINT_H 1
| #define HAVE_UNISTD_H 1
| #define HAVE_DLFCN_H 1
| #define LT_OBJDIR ".libs/"
| #define STDC_HEADERS 1
| #define HAVE_SYS_WAIT_H 1
| #define HAVE_LOCALE_H 1
| #define HAVE_STDLIB_H 1
| #define HAVE_STRING_H 1
| #define HAVE_SYS_TIME_H 1
| #define HAVE_UNISTD_H 1
| #define HAVE_STDLIB_H 1
| #define HAVE_MALLOC 1
| /* end confdefs.h.  */
| #include <sys/types.h>
| #include <signal.h>
| 
| int
| main ()
| {
| return *(signal (0, 0)) (0) == 1;
|   ;
|   return 0;
| }
configure:14044: result: void
configure:14052: checking whether lstat correctly handles trailing slash
configure:14078: gcc -o conftest -g -O2   -Wl,--as-needed -Wl,-O1 -Wl,-Bsymbolic-functions -Wl,--sort-common conftest.c  >&5
configure:14078: $? = 0
configure:14078: ./conftest
configure:14078: $? = 0
configure:14095: result: yes
configure:14114: checking whether stat accepts an empty string
configure:14134: gcc -o conftest -g -O2   -Wl,--as-needed -Wl,-O1 -Wl,-Bsymbolic-functions -Wl,--sort-common conftest.c  >&5
configure:14134: $? = 0
configure:14134: ./conftest
configure:14134: $? = 0
configure:14144: result: no
configure:14162: checking for strftime
configure:14162: gcc -o conftest -g -O2   -Wl,--as-needed -Wl,-O1 -Wl,-Bsymbolic-functions -Wl,--sort-common conftest.c  >&5
conftest.c:57:6: warning: conflicting types for built-in function 'strftime' [enabled by default]
configure:14162: $? = 0
configure:14162: result: yes
configure:14218: checking for bzero
configure:14218: gcc -o conftest -g -O2   -Wl,--as-needed -Wl,-O1 -Wl,-Bsymbolic-functions -Wl,--sort-common conftest.c  >&5
conftest.c:58:6: warning: conflicting types for built-in function 'bzero' [enabled by default]
configure:14218: $? = 0
configure:14218: result: yes
configure:14218: checking for memset
configure:14218: gcc -o conftest -g -O2   -Wl,--as-needed -Wl,-O1 -Wl,-Bsymbolic-functions -Wl,--sort-common conftest.c  >&5
conftest.c:59:6: warning: conflicting types for built-in function 'memset' [enabled by default]
configure:14218: $? = 0
configure:14218: result: yes
configure:14218: checking for mkdir
configure:14218: gcc -o conftest -g -O2   -Wl,--as-needed -Wl,-O1 -Wl,-Bsymbolic-functions -Wl,--sort-common conftest.c  >&5
configure:14218: $? = 0
configure:14218: result: yes
configure:14218: checking for setlocale
configure:14218: gcc -o conftest -g -O2   -Wl,--as-needed -Wl,-O1 -Wl,-Bsymbolic-functions -Wl,--sort-common conftest.c  >&5
configure:14218: $? = 0
configure:14218: result: yes
configure:14218: checking for strchr
configure:14218: gcc -o conftest -g -O2   -Wl,--as-needed -Wl,-O1 -Wl,-Bsymbolic-functions -Wl,--sort-common conftest.c  >&5
conftest.c:62:6: warning: conflicting types for built-in function 'strchr' [enabled by default]
configure:14218: $? = 0
configure:14218: result: yes
configure:14232: checking for menu_cache_dir_list_children
configure:14232: gcc -o conftest -g -O2   -Wl,--as-needed -Wl,-O1 -Wl,-Bsymbolic-functions -Wl,--sort-common conftest.c  -lmenu-cache -lglib-2.0   >&5
/tmp/cconapUD.o: In function `main':
/home/pi/lxpanel-0.7.1/conftest.c:74: undefined reference to `menu_cache_dir_list_children'
collect2: ld returned 1 exit status
configure:14232: $? = 1
configure: failed program was:
| /* confdefs.h */
| #define PACKAGE_NAME "lxpanel"
| #define PACKAGE_TARNAME "lxpanel"
| #define PACKAGE_VERSION "0.7.1"
| #define PACKAGE_STRING "lxpanel 0.7.1"
| #define PACKAGE_BUGREPORT "http://lxde.org/"
| #define PACKAGE_URL ""
| #define PACKAGE "lxpanel"
| #define VERSION "0.7.1"
| #define STDC_HEADERS 1
| #define HAVE_SYS_TYPES_H 1
| #define HAVE_SYS_STAT_H 1
| #define HAVE_STDLIB_H 1
| #define HAVE_STRING_H 1
| #define HAVE_MEMORY_H 1
| #define HAVE_STRINGS_H 1
| #define HAVE_INTTYPES_H 1
| #define HAVE_STDINT_H 1
| #define HAVE_UNISTD_H 1
| #define HAVE_DLFCN_H 1
| #define LT_OBJDIR ".libs/"
| #define STDC_HEADERS 1
| #define HAVE_SYS_WAIT_H 1
| #define HAVE_LOCALE_H 1
| #define HAVE_STDLIB_H 1
| #define HAVE_STRING_H 1
| #define HAVE_SYS_TIME_H 1
| #define HAVE_UNISTD_H 1
| #define HAVE_STDLIB_H 1
| #define HAVE_MALLOC 1
| #define RETSIGTYPE void
| #define LSTAT_FOLLOWS_SLASHED_SYMLINK 1
| #define HAVE_STRFTIME 1
| #define HAVE_BZERO 1
| #define HAVE_MEMSET 1
| #define HAVE_MKDIR 1
| #define HAVE_SETLOCALE 1
| #define HAVE_STRCHR 1
| /* end confdefs.h.  */
| /* Define menu_cache_dir_list_children to an innocuous variant, in case <limits.h> declares menu_cache_dir_list_children.
|    For example, HP-UX 11i <limits.h> declares gettimeofday.  */
| #define menu_cache_dir_list_children innocuous_menu_cache_dir_list_children
| 
| /* System header to define __stub macros and hopefully few prototypes,
|     which can conflict with char menu_cache_dir_list_children (); below.
|     Prefer <limits.h> to <assert.h> if __STDC__ is defined, since
|     <limits.h> exists even on freestanding compilers.  */
| 
| #ifdef __STDC__
| # include <limits.h>
| #else
| # include <assert.h>
| #endif
| 
| #undef menu_cache_dir_list_children
| 
| /* Override any GCC internal prototype to avoid an error.
|    Use char because int might match the return type of a GCC
|    builtin and then its argument prototype would still apply.  */
| #ifdef __cplusplus
| extern "C"
| #endif
| char menu_cache_dir_list_children ();
| /* The GNU C library defines this for functions which it implements
|     to always fail with ENOSYS.  Some functions are actually named
|     something starting with __ and the normal name is an alias.  */
| #if defined __stub_menu_cache_dir_list_children || defined __stub___menu_cache_dir_list_children
| choke me
| #endif
| 
| int
| main ()
| {
| return menu_cache_dir_list_children ();
|   ;
|   return 0;
| }
configure:14232: result: no
configure:14264: checking for locale.h
configure:14264: result: yes
configure:14275: checking for LC_MESSAGES
configure:14291: gcc -o conftest -g -O2   -Wl,--as-needed -Wl,-O1 -Wl,-Bsymbolic-functions -Wl,--sort-common conftest.c  >&5
configure:14291: $? = 0
configure:14299: result: yes
configure:14316: checking libintl.h usability
configure:14316: gcc -c -g -O2  conftest.c >&5
configure:14316: $? = 0
configure:14316: result: yes
configure:14316: checking libintl.h presence
configure:14316: gcc -E  conftest.c
configure:14316: $? = 0
configure:14316: result: yes
configure:14316: checking for libintl.h
configure:14316: result: yes
configure:14324: checking for ngettext in libc
configure:14342: gcc -o conftest -g -O2   -Wl,--as-needed -Wl,-O1 -Wl,-Bsymbolic-functions -Wl,--sort-common conftest.c  >&5
configure:14342: $? = 0
configure:14351: result: yes
configure:14355: checking for dgettext in libc
configure:14373: gcc -o conftest -g -O2   -Wl,--as-needed -Wl,-O1 -Wl,-Bsymbolic-functions -Wl,--sort-common conftest.c  >&5
configure:14373: $? = 0
configure:14382: result: yes
configure:14389: checking for bind_textdomain_codeset
configure:14389: gcc -o conftest -g -O2   -Wl,--as-needed -Wl,-O1 -Wl,-Bsymbolic-functions -Wl,--sort-common conftest.c  >&5
configure:14389: $? = 0
configure:14389: result: yes
configure:14665: checking for msgfmt
configure:14692: result: /usr/bin/msgfmt
configure:14703: checking for dcgettext
configure:14703: gcc -o conftest -g -O2   -Wl,--as-needed -Wl,-O1 -Wl,-Bsymbolic-functions -Wl,--sort-common conftest.c   >&5
conftest.c:68:6: warning: conflicting types for built-in function 'dcgettext' [enabled by default]
configure:14703: $? = 0
configure:14703: result: yes
configure:14713: checking if msgfmt accepts -c
configure:14728: $MSGFMT -c -o /dev/null conftest.foo
configure:14731: $? = 0
configure:14733: result: yes
configure:14743: checking for gmsgfmt
configure:14774: result: /usr/bin/msgfmt
configure:14784: checking for xgettext
configure:14811: result: /usr/bin/xgettext
configure:14830: gcc -o conftest -g -O2   -Wl,--as-needed -Wl,-O1 -Wl,-Bsymbolic-functions -Wl,--sort-common conftest.c   >&5
configure:14830: $? = 0
configure:15110: checking that generated files are newer than configure
configure:15116: result: done
configure:15163: creating ./config.status

## ---------------------- ##
## Running config.status. ##
## ---------------------- ##

This file was extended by lxpanel config.status 0.7.1, which was
generated by GNU Autoconf 2.69.  Invocation command line was

  CONFIG_FILES    = 
  CONFIG_HEADERS  = 
  CONFIG_LINKS    = 
  CONFIG_COMMANDS = 
  $ ./config.status 

on raspberrypi

config.status:1218: creating lxpanel.pc
config.status:1326: WARNING:  'lxpanel.pc.in' seems to ignore the --datarootdir setting
config.status:1218: creating Makefile
config.status:1218: creating src/Makefile
config.status:1218: creating plugins/Makefile
config.status:1218: creating po/Makefile.in
config.status:1218: creating data/Makefile
config.status:1218: creating data/default/panels/panel
config.status:1218: creating data/two_panels/panels/top
config.status:1218: creating data/two_panels/panels/bottom
config.status:1218: creating man/Makefile
config.status:1218: creating config.h
config.status:1399: config.h is unchanged
config.status:1447: executing depfiles commands
config.status:1447: executing libtool commands
config.status:1447: executing default-1 commands
config.status:1447: executing po/stamp-it commands
configure:17433: result:     netstatus - Monitor networking status
configure:17437: result:     netstat - Monitor networking status
configure:17441: result:     volume - Display and adjust volume of sound card for OSS
configure:17449: result:     cpu - Display CPU loading
configure:17453: result:     deskno - Display desktop number
configure:17457: result:     batt - Monitor battery status
configure:17461: result:     kbled - Indicator for CapsLock, NumLock, and ScrLock
configure:17465: result:     xkb - Keyboard layout handler
configure:17469: result:     thermal - Temperature monitor
configure:17473: result:     cpufreq - CpuFreq frontend
configure:17477: result:     monitors - Monitors for CPU & RAM
configure:17485: result:     weather - Weather conditions and forecast

## ---------------- ##
## Cache variables. ##
## ---------------- ##

ac_cv_build=armv6l-unknown-linux-gnueabihf
ac_cv_c_compiler_gnu=yes
ac_cv_c_const=yes
ac_cv_c_inline=inline
ac_cv_env_APPLET_CFLAGS_set=
ac_cv_env_APPLET_CFLAGS_value=
ac_cv_env_APPLET_LIBS_set=
ac_cv_env_APPLET_LIBS_value=
ac_cv_env_CC_set=
ac_cv_env_CC_value=
ac_cv_env_CFLAGS_set=
ac_cv_env_CFLAGS_value=
ac_cv_env_CPPFLAGS_set=
ac_cv_env_CPPFLAGS_value=
ac_cv_env_CPP_set=
ac_cv_env_CPP_value=
ac_cv_env_LDFLAGS_set=
ac_cv_env_LDFLAGS_value=
ac_cv_env_LIBS_set=
ac_cv_env_LIBS_value=
ac_cv_env_LIBXML2_CFLAGS_set=
ac_cv_env_LIBXML2_CFLAGS_value=
ac_cv_env_LIBXML2_LIBS_set=
ac_cv_env_LIBXML2_LIBS_value=
ac_cv_env_MENU_CACHE_CFLAGS_set=
ac_cv_env_MENU_CACHE_CFLAGS_value=
ac_cv_env_MENU_CACHE_LIBS_set=
ac_cv_env_MENU_CACHE_LIBS_value=
ac_cv_env_PACKAGE_CFLAGS_set=
ac_cv_env_PACKAGE_CFLAGS_value=
ac_cv_env_PACKAGE_LIBS_set=
ac_cv_env_PACKAGE_LIBS_value=
ac_cv_env_PKG_CONFIG_LIBDIR_set=
ac_cv_env_PKG_CONFIG_LIBDIR_value=
ac_cv_env_PKG_CONFIG_PATH_set=
ac_cv_env_PKG_CONFIG_PATH_value=
ac_cv_env_PKG_CONFIG_set=
ac_cv_env_PKG_CONFIG_value=
ac_cv_env_X11_CFLAGS_set=
ac_cv_env_X11_CFLAGS_value=
ac_cv_env_X11_LIBS_set=
ac_cv_env_X11_LIBS_value=
ac_cv_env_XMKMF_set=
ac_cv_env_XMKMF_value=
ac_cv_env_build_alias_set=
ac_cv_env_build_alias_value=
ac_cv_env_host_alias_set=
ac_cv_env_host_alias_value=
ac_cv_env_target_alias_set=
ac_cv_env_target_alias_value=
ac_cv_func_bind_textdomain_codeset=yes
ac_cv_func_bzero=yes
ac_cv_func_dcgettext=yes
ac_cv_func_lstat_dereferences_slashed_symlink=yes
ac_cv_func_malloc_0_nonnull=yes
ac_cv_func_memcmp_working=yes
ac_cv_func_memset=yes
ac_cv_func_menu_cache_dir_list_children=no
ac_cv_func_mkdir=yes
ac_cv_func_setlocale=yes
ac_cv_func_stat_empty_string_bug=no
ac_cv_func_strchr=yes
ac_cv_func_strftime=yes
ac_cv_have_x='have_x=yes	ac_x_includes='\'''\''	ac_x_libraries='\'''\'''
ac_cv_header_alsa_asoundlib_h=no
ac_cv_header_dlfcn_h=yes
ac_cv_header_inttypes_h=yes
ac_cv_header_iwlib_h=yes
ac_cv_header_libintl_h=yes
ac_cv_header_locale_h=yes
ac_cv_header_memory_h=yes
ac_cv_header_stdc=yes
ac_cv_header_stdint_h=yes
ac_cv_header_stdlib_h=yes
ac_cv_header_string_h=yes
ac_cv_header_strings_h=yes
ac_cv_header_sys_stat_h=yes
ac_cv_header_sys_time_h=yes
ac_cv_header_sys_types_h=yes
ac_cv_header_sys_wait_h=yes
ac_cv_header_unistd_h=yes
ac_cv_host=armv6l-unknown-linux-gnueabihf
ac_cv_objext=o
ac_cv_path_EGREP='/bin/grep -E'
ac_cv_path_FGREP='/bin/grep -F'
ac_cv_path_GMSGFMT=/usr/bin/msgfmt
ac_cv_path_GREP=/bin/grep
ac_cv_path_INTLTOOL_EXTRACT=/usr/bin/intltool-extract
ac_cv_path_INTLTOOL_MERGE=/usr/bin/intltool-merge
ac_cv_path_INTLTOOL_PERL=/usr/bin/perl
ac_cv_path_INTLTOOL_UPDATE=/usr/bin/intltool-update
ac_cv_path_MSGFMT=/usr/bin/msgfmt
ac_cv_path_MSGMERGE=/usr/bin/msgmerge
ac_cv_path_SED=/bin/sed
ac_cv_path_XGETTEXT=/usr/bin/xgettext
ac_cv_path_ac_pt_PKG_CONFIG=/usr/bin/pkg-config
ac_cv_path_install='/usr/bin/install -c'
ac_cv_path_mkdir=/bin/mkdir
ac_cv_prog_AWK=mawk
ac_cv_prog_CPP='gcc -E'
ac_cv_prog_ac_ct_AR=ar
ac_cv_prog_ac_ct_CC=gcc
ac_cv_prog_ac_ct_MANIFEST_TOOL=mt
ac_cv_prog_ac_ct_OBJDUMP=objdump
ac_cv_prog_ac_ct_RANLIB=ranlib
ac_cv_prog_ac_ct_STRIP=strip
ac_cv_prog_cc_c89=
ac_cv_prog_cc_g=yes
ac_cv_prog_make_make_set=yes
ac_cv_struct_tm=time.h
ac_cv_type_signal=void
am_cv_CC_dependencies_compiler_type=gcc3
am_cv_ar_interface=ar
am_cv_make_support_nested_variables=yes
am_cv_prog_cc_c_o=yes
am_cv_val_LC_MESSAGES=yes
gt_cv_func_dgettext_libc=yes
gt_cv_func_dgettext_libintl=no
gt_cv_func_ngettext_libc=yes
gt_cv_have_gettext=yes
lt_cv_ar_at_file=@
lt_cv_archive_cmds_need_lc=no
lt_cv_deplibs_check_method=pass_all
lt_cv_file_magic_cmd='$MAGIC_CMD'
lt_cv_file_magic_test_file=
lt_cv_ld_reload_flag=-r
lt_cv_nm_interface='BSD nm'
lt_cv_objdir=.libs
lt_cv_path_LD=/usr/bin/ld
lt_cv_path_NM='/usr/bin/nm -B'
lt_cv_path_mainfest_tool=no
lt_cv_prog_compiler_c_o=yes
lt_cv_prog_compiler_pic='-fPIC -DPIC'
lt_cv_prog_compiler_pic_works=yes
lt_cv_prog_compiler_rtti_exceptions=no
lt_cv_prog_compiler_static_works=yes
lt_cv_prog_gnu_ld=yes
lt_cv_sharedlib_from_linklib_cmd='printf %s\n'
lt_cv_shlibpath_overrides_runpath=no
lt_cv_sys_global_symbol_pipe='sed -n -e '\''s/^.*[	 ]\([ABCDGIRSTW][ABCDGIRSTW]*\)[	 ][	 ]*\([_A-Za-z][_A-Za-z0-9]*\)$/\1 \2 \2/p'\'' | sed '\''/ __gnu_lto/d'\'''
lt_cv_sys_global_symbol_to_c_name_address='sed -n -e '\''s/^: \([^ ]*\)[ ]*$/  {\"\1\", (void *) 0},/p'\'' -e '\''s/^[ABCDGIRSTW]* \([^ ]*\) \([^ ]*\)$/  {"\2", (void *) \&\2},/p'\'''
lt_cv_sys_global_symbol_to_c_name_address_lib_prefix='sed -n -e '\''s/^: \([^ ]*\)[ ]*$/  {\"\1\", (void *) 0},/p'\'' -e '\''s/^[ABCDGIRSTW]* \([^ ]*\) \(lib[^ ]*\)$/  {"\2", (void *) \&\2},/p'\'' -e '\''s/^[ABCDGIRSTW]* \([^ ]*\) \([^ ]*\)$/  {"lib\2", (void *) \&\2},/p'\'''
lt_cv_sys_global_symbol_to_cdecl='sed -n -e '\''s/^T .* \(.*\)$/extern int \1();/p'\'' -e '\''s/^[ABCDGIRSTW]* .* \(.*\)$/extern char \1;/p'\'''
lt_cv_sys_max_cmd_len=1572864
lt_cv_to_host_file_cmd=func_convert_file_noop
lt_cv_to_tool_file_cmd=func_convert_file_noop
pkg_cv_LIBXML2_CFLAGS='-I/usr/include/libxml2  '
pkg_cv_LIBXML2_LIBS='-lxml2  '
pkg_cv_MENU_CACHE_CFLAGS='-I/usr/include/menu-cache -I/usr/include/glib-2.0 -I/usr/lib/arm-linux-gnueabihf/glib-2.0/include  '
pkg_cv_MENU_CACHE_LIBS='-lmenu-cache -lglib-2.0  '
pkg_cv_PACKAGE_CFLAGS='-pthread -I/usr/local/include -I/usr/include/gtk-2.0 -I/usr/lib/arm-linux-gnueabihf/gtk-2.0/include -I/usr/include/atk-1.0 -I/usr/include/cairo -I/usr/include/gdk-pixbuf-2.0 -I/usr/include/pango-1.0 -I/usr/include/gio-unix-2.0/ -I/usr/include/glib-2.0 -I/usr/lib/arm-linux-gnueabihf/glib-2.0/include -I/usr/include/pixman-1 -I/usr/include/freetype2 -I/usr/include/libpng12 -I/usr/include/harfbuzz -I/usr/include/libwnck-1.0 -I/usr/include/startup-notification-1.0  '
pkg_cv_PACKAGE_LIBS='-pthread -Wl,--export-dynamic -L/usr/local/lib -lfm-gtk -lfm -lwnck-1 -lgtk-x11-2.0 -lgdk-x11-2.0 -latk-1.0 -lpangoft2-1.0 -lpangocairo-1.0 -lgdk_pixbuf-2.0 -lcairo -lpango-1.0 -lfreetype -lfontconfig -lgio-2.0 -lgobject-2.0 -lgthread-2.0 -lgmodule-2.0 -lrt -lglib-2.0  '
pkg_cv_X11_CFLAGS=' '
pkg_cv_X11_LIBS='-lX11  '

## ----------------- ##
## Output variables. ##
## ----------------- ##

ACLOCAL='${SHELL} /home/pi/lxpanel-0.7.1/missing aclocal-1.14'
ADDITIONAL_FLAGS=''
ALL_LINGUAS=''
ALL_PLUGINS_LIST='netstatus netstat volume volumealsa cpu deskno batt kbled xkb thermal cpufreq monitors indicator weather'
AMDEPBACKSLASH='\'
AMDEP_FALSE='#'
AMDEP_TRUE=''
AMTAR='$${TAR-tar}'
AM_BACKSLASH='\'
AM_DEFAULT_V='$(AM_DEFAULT_VERBOSITY)'
AM_DEFAULT_VERBOSITY='0'
AM_V='$(V)'
APPLET_CFLAGS=''
APPLET_LIBS=''
AR='ar'
AUTOCONF='${SHELL} /home/pi/lxpanel-0.7.1/missing autoconf'
AUTOHEADER='${SHELL} /home/pi/lxpanel-0.7.1/missing autoheader'
AUTOMAKE='${SHELL} /home/pi/lxpanel-0.7.1/missing automake-1.14'
AWK='mawk'
BUILD_ALSA_PLUGINS_FALSE=''
BUILD_ALSA_PLUGINS_TRUE='#'
BUILD_OSS_PLUGINS_FALSE='#'
BUILD_OSS_PLUGINS_TRUE=''
BUILD_PLUGIN_LOADER_FALSE='#'
BUILD_PLUGIN_LOADER_TRUE=''
CATALOGS=''
CATOBJEXT='.gmo'
CC='gcc'
CCDEPMODE='depmode=gcc3'
CFLAGS='-g -O2'
CPP='gcc -E'
CPPFLAGS=' -DG_DISABLE_ASSERT -DG_DISABLE_CHECKS -DG_DISABLE_CAST_CHECKS'
CYGPATH_W='echo'
DATADIRNAME='share'
DEFS='-DHAVE_CONFIG_H'
DEPDIR='.deps'
DLLTOOL='false'
DSYMUTIL=''
DUMPBIN=''
ECHO_C=''
ECHO_N='-n'
ECHO_T=''
EGREP='/bin/grep -E'
ENABLE_INDICATOR_SUPPORT_FALSE=''
ENABLE_INDICATOR_SUPPORT_TRUE='#'
ENABLE_MENU_CACHE_FALSE='#'
ENABLE_MENU_CACHE_TRUE=''
EXEEXT=''
FGREP='/bin/grep -F'
GETTEXT_PACKAGE='lxpanel'
GMOFILES=''
GMSGFMT='/usr/bin/msgfmt'
GREP='/bin/grep'
INDICATORDIR=''
INDICATORICONSDIR=''
INSTALL_DATA='${INSTALL} -m 644'
INSTALL_PROGRAM='${INSTALL}'
INSTALL_SCRIPT='${INSTALL}'
INSTALL_STRIP_PROGRAM='$(install_sh) -c -s'
INSTOBJEXT='.mo'
INTLLIBS=''
INTLTOOL_CAVES_RULE='%.caves:     %.caves.in     $(INTLTOOL_MERGE) $(wildcard $(top_srcdir)/po/*.po) ; $(INTLTOOL_V_MERGE)LC_ALL=C $(INTLTOOL_MERGE) $(INTLTOOL_V_MERGE_OPTIONS) -d -u -c $(top_builddir)/po/.intltool-merge-cache $(top_srcdir)/po $< $@'
INTLTOOL_DESKTOP_RULE='%.desktop:   %.desktop.in   $(INTLTOOL_MERGE) $(wildcard $(top_srcdir)/po/*.po) ; $(INTLTOOL_V_MERGE)LC_ALL=C $(INTLTOOL_MERGE) $(INTLTOOL_V_MERGE_OPTIONS) -d -u -c $(top_builddir)/po/.intltool-merge-cache $(top_srcdir)/po $< $@'
INTLTOOL_DIRECTORY_RULE='%.directory: %.directory.in $(INTLTOOL_MERGE) $(wildcard $(top_srcdir)/po/*.po) ; $(INTLTOOL_V_MERGE)LC_ALL=C $(INTLTOOL_MERGE) $(INTLTOOL_V_MERGE_OPTIONS) -d -u -c $(top_builddir)/po/.intltool-merge-cache $(top_srcdir)/po $< $@'
INTLTOOL_EXTRACT='/usr/bin/intltool-extract'
INTLTOOL_KBD_RULE='%.kbd:       %.kbd.in       $(INTLTOOL_MERGE) $(wildcard $(top_srcdir)/po/*.po) ; $(INTLTOOL_V_MERGE)LC_ALL=C $(INTLTOOL_MERGE) $(INTLTOOL_V_MERGE_OPTIONS) -x -u -m -c $(top_builddir)/po/.intltool-merge-cache $(top_srcdir)/po $< $@'
INTLTOOL_KEYS_RULE='%.keys:      %.keys.in      $(INTLTOOL_MERGE) $(wildcard $(top_srcdir)/po/*.po) ; $(INTLTOOL_V_MERGE)LC_ALL=C $(INTLTOOL_MERGE) $(INTLTOOL_V_MERGE_OPTIONS) -k -u -c $(top_builddir)/po/.intltool-merge-cache $(top_srcdir)/po $< $@'
INTLTOOL_MERGE='/usr/bin/intltool-merge'
INTLTOOL_OAF_RULE='%.oaf:       %.oaf.in       $(INTLTOOL_MERGE) $(wildcard $(top_srcdir)/po/*.po) ; $(INTLTOOL_V_MERGE)LC_ALL=C $(INTLTOOL_MERGE) $(INTLTOOL_V_MERGE_OPTIONS) -o -p $(top_srcdir)/po $< $@'
INTLTOOL_PERL='/usr/bin/perl'
INTLTOOL_POLICY_RULE='%.policy:    %.policy.in    $(INTLTOOL_MERGE) $(wildcard $(top_srcdir)/po/*.po) ; $(INTLTOOL_V_MERGE)LC_ALL=C $(INTLTOOL_MERGE) $(INTLTOOL_V_MERGE_OPTIONS) -x -u -c $(top_builddir)/po/.intltool-merge-cache $(top_srcdir)/po $< $@'
INTLTOOL_PONG_RULE='%.pong:      %.pong.in      $(INTLTOOL_MERGE) $(wildcard $(top_srcdir)/po/*.po) ; $(INTLTOOL_V_MERGE)LC_ALL=C $(INTLTOOL_MERGE) $(INTLTOOL_V_MERGE_OPTIONS) -x -u -c $(top_builddir)/po/.intltool-merge-cache $(top_srcdir)/po $< $@'
INTLTOOL_PROP_RULE='%.prop:      %.prop.in      $(INTLTOOL_MERGE) $(wildcard $(top_srcdir)/po/*.po) ; $(INTLTOOL_V_MERGE)LC_ALL=C $(INTLTOOL_MERGE) $(INTLTOOL_V_MERGE_OPTIONS) -d -u -c $(top_builddir)/po/.intltool-merge-cache $(top_srcdir)/po $< $@'
INTLTOOL_SCHEMAS_RULE='%.schemas:   %.schemas.in   $(INTLTOOL_MERGE) $(wildcard $(top_srcdir)/po/*.po) ; $(INTLTOOL_V_MERGE)LC_ALL=C $(INTLTOOL_MERGE) $(INTLTOOL_V_MERGE_OPTIONS) -s -u -c $(top_builddir)/po/.intltool-merge-cache $(top_srcdir)/po $< $@'
INTLTOOL_SERVER_RULE='%.server:    %.server.in    $(INTLTOOL_MERGE) $(wildcard $(top_srcdir)/po/*.po) ; $(INTLTOOL_V_MERGE)LC_ALL=C $(INTLTOOL_MERGE) $(INTLTOOL_V_MERGE_OPTIONS) -o -u -c $(top_builddir)/po/.intltool-merge-cache $(top_srcdir)/po $< $@'
INTLTOOL_SERVICE_RULE='%.service: %.service.in   $(INTLTOOL_MERGE) $(wildcard $(top_srcdir)/po/*.po) ; $(INTLTOOL_V_MERGE)LC_ALL=C $(INTLTOOL_MERGE) $(INTLTOOL_V_MERGE_OPTIONS) -d -u -c $(top_builddir)/po/.intltool-merge-cache $(top_srcdir)/po $< $@'
INTLTOOL_SHEET_RULE='%.sheet:     %.sheet.in     $(INTLTOOL_MERGE) $(wildcard $(top_srcdir)/po/*.po) ; $(INTLTOOL_V_MERGE)LC_ALL=C $(INTLTOOL_MERGE) $(INTLTOOL_V_MERGE_OPTIONS) -x -u -c $(top_builddir)/po/.intltool-merge-cache $(top_srcdir)/po $< $@'
INTLTOOL_SOUNDLIST_RULE='%.soundlist: %.soundlist.in $(INTLTOOL_MERGE) $(wildcard $(top_srcdir)/po/*.po) ; $(INTLTOOL_V_MERGE)LC_ALL=C $(INTLTOOL_MERGE) $(INTLTOOL_V_MERGE_OPTIONS) -d -u -c $(top_builddir)/po/.intltool-merge-cache $(top_srcdir)/po $< $@'
INTLTOOL_THEME_RULE='%.theme:     %.theme.in     $(INTLTOOL_MERGE) $(wildcard $(top_srcdir)/po/*.po) ; $(INTLTOOL_V_MERGE)LC_ALL=C $(INTLTOOL_MERGE) $(INTLTOOL_V_MERGE_OPTIONS) -d -u -c $(top_builddir)/po/.intltool-merge-cache $(top_srcdir)/po $< $@'
INTLTOOL_UI_RULE='%.ui:        %.ui.in        $(INTLTOOL_MERGE) $(wildcard $(top_srcdir)/po/*.po) ; $(INTLTOOL_V_MERGE)LC_ALL=C $(INTLTOOL_MERGE) $(INTLTOOL_V_MERGE_OPTIONS) -x -u -c $(top_builddir)/po/.intltool-merge-cache $(top_srcdir)/po $< $@'
INTLTOOL_UPDATE='/usr/bin/intltool-update'
INTLTOOL_V_MERGE='$(INTLTOOL__v_MERGE_$(V))'
INTLTOOL_V_MERGE_OPTIONS='$(intltool__v_merge_options_$(V))'
INTLTOOL_XAM_RULE='%.xam:       %.xml.in       $(INTLTOOL_MERGE) $(wildcard $(top_srcdir)/po/*.po) ; $(INTLTOOL_V_MERGE)LC_ALL=C $(INTLTOOL_MERGE) $(INTLTOOL_V_MERGE_OPTIONS) -x -u -c $(top_builddir)/po/.intltool-merge-cache $(top_srcdir)/po $< $@'
INTLTOOL_XML_NOMERGE_RULE='%.xml:       %.xml.in       $(INTLTOOL_MERGE) ; $(INTLTOOL_V_MERGE)LC_ALL=C $(INTLTOOL_MERGE) $(INTLTOOL_V_MERGE_OPTIONS) -x -u --no-translations $< $@'
INTLTOOL_XML_RULE='%.xml:       %.xml.in       $(INTLTOOL_MERGE) $(wildcard $(top_srcdir)/po/*.po) ; $(INTLTOOL_V_MERGE)LC_ALL=C $(INTLTOOL_MERGE) $(INTLTOOL_V_MERGE_OPTIONS) -x -u -c $(top_builddir)/po/.intltool-merge-cache $(top_srcdir)/po $< $@'
INTLTOOL__v_MERGE_0='@echo "  ITMRG " $@;'
INTLTOOL__v_MERGE_='$(INTLTOOL__v_MERGE_$(AM_DEFAULT_VERBOSITY))'
LD='/usr/bin/ld'
LDFLAGS=' -Wl,--as-needed -Wl,-O1 -Wl,-Bsymbolic-functions -Wl,--sort-common'
LIBOBJS=''
LIBS=''
LIBTOOL='$(SHELL) $(top_builddir)/libtool'
LIBXML2_CFLAGS='-I/usr/include/libxml2  '
LIBXML2_LIBS='-lxml2  '
LIPO=''
LN_S='ln -s'
LTLIBOBJS=''
LXPANEL_MODULE='-avoid-version -rpath $(libdir)/lxpanel/plugins -no-undefined -export-symbols-regex "^[^_].*"'
MAKEINFO='${SHELL} /home/pi/lxpanel-0.7.1/missing makeinfo'
MANIFEST_TOOL=':'
MENU_CACHE_CFLAGS='-I/usr/include/menu-cache -I/usr/include/glib-2.0 -I/usr/lib/arm-linux-gnueabihf/glib-2.0/include  '
MENU_CACHE_LIBS='-lmenu-cache -lglib-2.0  '
MKDIR_P='/bin/mkdir -p'
MKINSTALLDIRS='./mkinstalldirs'
MSGFMT='/usr/bin/msgfmt'
MSGFMT_OPTS='-c'
MSGMERGE='/usr/bin/msgmerge'
NM='/usr/bin/nm -B'
NMEDIT=''
OBJDUMP='objdump'
OBJEXT='o'
OTOOL64=''
OTOOL=''
PACKAGE='lxpanel'
PACKAGE_BUGREPORT='http://lxde.org/'
PACKAGE_CFLAGS='-pthread -I/usr/local/include -I/usr/include/gtk-2.0 -I/usr/lib/arm-linux-gnueabihf/gtk-2.0/include -I/usr/include/atk-1.0 -I/usr/include/cairo -I/usr/include/gdk-pixbuf-2.0 -I/usr/include/pango-1.0 -I/usr/include/gio-unix-2.0/ -I/usr/include/glib-2.0 -I/usr/lib/arm-linux-gnueabihf/glib-2.0/include -I/usr/include/pixman-1 -I/usr/include/freetype2 -I/usr/include/libpng12 -I/usr/include/harfbuzz -I/usr/include/libwnck-1.0 -I/usr/include/startup-notification-1.0   -I/usr/include/menu-cache -I/usr/include/glib-2.0 -I/usr/lib/arm-linux-gnueabihf/glib-2.0/include   '
PACKAGE_LIBS='-pthread -Wl,--export-dynamic -L/usr/local/lib -lfm-gtk -lfm -lwnck-1 -lgtk-x11-2.0 -lgdk-x11-2.0 -latk-1.0 -lpangoft2-1.0 -lpangocairo-1.0 -lgdk_pixbuf-2.0 -lcairo -lpango-1.0 -lfreetype -lfontconfig -lgio-2.0 -lgobject-2.0 -lgthread-2.0 -lgmodule-2.0 -lrt -lglib-2.0   -lmenu-cache -lglib-2.0  '
PACKAGE_NAME='lxpanel'
PACKAGE_STRING='lxpanel 0.7.1'
PACKAGE_TARNAME='lxpanel'
PACKAGE_URL=''
PACKAGE_VERSION='0.7.1'
PATH_SEPARATOR=':'
PKG_CONFIG='/usr/bin/pkg-config'
PKG_CONFIG_LIBDIR=''
PKG_CONFIG_PATH=''
PLUGINS_LIST='    netstatus.la     netstat.la     volume.la          cpu.la     deskno.la     batt.la     kbled.la     xkb.la     thermal.la     cpufreq.la     monitors.la          weather.la'
POFILES=''
POSUB='po'
PO_IN_DATADIR_FALSE=''
PO_IN_DATADIR_TRUE=''
RANLIB='ranlib'
SED='/bin/sed'
SET_MAKE=''
SHELL='/bin/bash'
STRIP='strip'
USE_NLS='yes'
VERSION='0.7.1'
X11_CFLAGS=' '
X11_LIBS='-lX11  '
XGETTEXT='/usr/bin/xgettext'
XMKMF=''
ac_ct_AR='ar'
ac_ct_CC='gcc'
ac_ct_DUMPBIN=''
am__EXEEXT_FALSE=''
am__EXEEXT_TRUE='#'
am__fastdepCC_FALSE='#'
am__fastdepCC_TRUE=''
am__include='include'
am__isrc=''
am__leading_dot='.'
am__nodep='_no'
am__quote=''
am__tar='$${TAR-tar} chof - "$$tardir"'
am__untar='$${TAR-tar} xf -'
bindir='${exec_prefix}/bin'
build='armv6l-unknown-linux-gnueabihf'
build_alias=''
build_cpu='armv6l'
build_os='linux-gnueabihf'
build_vendor='unknown'
datadir='${datarootdir}'
datarootdir='${prefix}/share'
docdir='${datarootdir}/doc/${PACKAGE_TARNAME}'
dvidir='${docdir}'
exec_prefix='${prefix}'
host='armv6l-unknown-linux-gnueabihf'
host_alias=''
host_cpu='armv6l'
host_os='linux-gnueabihf'
host_vendor='unknown'
htmldir='${docdir}'
includedir='${prefix}/include'
infodir='${datarootdir}/info'
install_sh='${SHELL} /home/pi/lxpanel-0.7.1/install-sh'
intltool__v_merge_options_0='-q'
intltool__v_merge_options_='$(intltool__v_merge_options_$(AM_DEFAULT_VERBOSITY))'
libdir='${exec_prefix}/lib'
libexecdir='${exec_prefix}/libexec'
localedir='${datarootdir}/locale'
localstatedir='${prefix}/var'
mandir='${datarootdir}/man'
mkdir_p='$(MKDIR_P)'
oldincludedir='/usr/include'
pdfdir='${docdir}'
prefix='/usr/local'
program_transform_name='s,x,x,'
psdir='${docdir}'
sbindir='${exec_prefix}/sbin'
sharedstatedir='${prefix}/com'
sysconfdir='${prefix}/etc'
target_alias=''

## ----------- ##
## confdefs.h. ##
## ----------- ##

/* confdefs.h */
#define PACKAGE_NAME "lxpanel"
#define PACKAGE_TARNAME "lxpanel"
#define PACKAGE_VERSION "0.7.1"
#define PACKAGE_STRING "lxpanel 0.7.1"
#define PACKAGE_BUGREPORT "http://lxde.org/"
#define PACKAGE_URL ""
#define PACKAGE "lxpanel"
#define VERSION "0.7.1"
#define STDC_HEADERS 1
#define HAVE_SYS_TYPES_H 1
#define HAVE_SYS_STAT_H 1
#define HAVE_STDLIB_H 1
#define HAVE_STRING_H 1
#define HAVE_MEMORY_H 1
#define HAVE_STRINGS_H 1
#define HAVE_INTTYPES_H 1
#define HAVE_STDINT_H 1
#define HAVE_UNISTD_H 1
#define HAVE_DLFCN_H 1
#define LT_OBJDIR ".libs/"
#define STDC_HEADERS 1
#define HAVE_SYS_WAIT_H 1
#define HAVE_LOCALE_H 1
#define HAVE_STDLIB_H 1
#define HAVE_STRING_H 1
#define HAVE_SYS_TIME_H 1
#define HAVE_UNISTD_H 1
#define HAVE_STDLIB_H 1
#define HAVE_MALLOC 1
#define RETSIGTYPE void
#define LSTAT_FOLLOWS_SLASHED_SYMLINK 1
#define HAVE_STRFTIME 1
#define HAVE_BZERO 1
#define HAVE_MEMSET 1
#define HAVE_MKDIR 1
#define HAVE_SETLOCALE 1
#define HAVE_STRCHR 1
#define GETTEXT_PACKAGE "lxpanel"
#define HAVE_LOCALE_H 1
#define HAVE_LC_MESSAGES 1
#define HAVE_BIND_TEXTDOMAIN_CODESET 1
#define HAVE_GETTEXT 1
#define HAVE_DCGETTEXT 1
#define ENABLE_NLS 1

configure: exit 0
